/www/server/panel/plugin/nodejs/nodejs_main.py:87: SyntaxWarning: invalid escape sequence '\.'
  bashrc_content += '''export NVM_DIR="/www/server/nvm"
[2025-09-30 01:23:40][DEBUG] - {"info": "Unknown"}
/www/server/panel/class_v2/firewallModelV2/iptablesServices.py:94: SyntaxWarning: invalid escape sequence '\.'
  ipset_cmd = "ipset list {}_bt_user_{}_ipset | awk '/[0-9]+\.[0-9]+\.[0-9]+\.[0-9]+/ && /timeout/ {{print $1, $3}}'".format(
/www/server/panel/mod/project/ssh/secureMod.py:67: SyntaxWarning: invalid escape sequence '\.'
  commands = "ls -tr {file_path}|grep -v '\.gz$'|xargs cat|grep -aE '({login_type})'{query}| tee >(tail -n {end}|head -n {pagesize}|tac >&2)|wc -l".format(
/www/server/panel/mod/project/ssh/secureMod.py:101: SyntaxWarning: invalid escape sequence '\.'
  commands = "ls -tr {file_path}|grep -v '\.gz$'|xargs cat|grep -aE '({login_type})'{query}|wc -l".format(file_path=self.ssh_log_path,login_type=login_type,query=query)
files get_list
files get_list
files get_list
files get_list
files get_list
/www/server/panel/mod/project/backup_restore/modules/soft_module.py:210: SyntaxWarning: invalid escape sequence '\c'
  public.ExecShell(f"\cp -rpa /www/server/nodejs/* {backup_path}/nodejs/*")
files get_list
files get_list
files get_list
files get_list
files get_list
files get_list
files get_list
files get_list
files get_list
files get_list
files get_list
files get_list
files get_list
files get_list
sh: line 1: /www/server/pgsql/bin/psql: No such file or directory
